<?xml version="1.0" encoding="utf-8"?><testsuites name="pytest tests"><testsuite name="pytest" errors="0" failures="0" skipped="0" tests="11" time="2.215" timestamp="2026-07-07T20:21:52.502101+00:00" hostname="agent-env-46be9e95-37b0-42f6-baf7-169e09b7ca45"><testcase classname="tests.backend_test" name="test_root" time="0.306" /><testcase classname="tests.backend_test" name="test_login_success" time="0.279" /><testcase classname="tests.backend_test" name="test_login_wrong_password" time="0.269" /><testcase classname="tests.backend_test" name="test_auth_me" time="0.374" /><testcase classname="tests.backend_test" name="test_leads_requires_auth" time="0.045" /><testcase classname="tests.backend_test" name="test_leads_list_with_auth" time="0.051" /><testcase classname="tests.backend_test" name="test_lead_stats" time="0.058" /><testcase classname="tests.backend_test" name="test_create_lead_and_admin_flow" time="0.204" /><testcase classname="tests.backend_test" name="test_patch_lead_requires_auth" time="0.048" /><testcase classname="tests.backend_test" name="test_guide_creates_lead" time="0.092" /><testcase classname="tests.backend_test" name="test_guide_download_pdf" time="0.147" /></testsuite></testsuites>