<?xml version="1.0" encoding="utf-8"?><testsuites name="pytest tests"><testsuite name="pytest" errors="0" failures="0" skipped="0" tests="5" time="0.862" timestamp="2026-07-07T14:25:43.429231+00:00" hostname="agent-env-46be9e95-37b0-42f6-baf7-169e09b7ca45"><testcase classname="tests.backend_test" name="test_root" time="0.175" /><testcase classname="tests.backend_test" name="test_create_lead_and_list" time="0.115" /><testcase classname="tests.backend_test" name="test_create_lead_missing_name" time="0.050" /><testcase classname="tests.backend_test" name="test_create_lead_missing_phone" time="0.046" /><testcase classname="tests.backend_test" name="test_create_lead_invalid_email" time="0.049" /></testsuite></testsuites>